<?xml version="1.0" encoding="UTF-8"?>
<!-- Generated by org.testng.reporters.JUnitXMLReporter -->
<testsuite hostname="OJT0156998" name="Regression test" tests="3" failures="2" timestamp="23 Jun 2016 04:33:16 GMT" time="89.221" errors="0">
  <testcase name="stockAcc_supplier" time="19.394" classname="com.stockAccounting.Testcase.tesngsuppliercreation">
    <failure type="java.lang.AssertionError" message="Test case failed expected [Add succeeded] but found [Duplicate value &amp;apos;Supplier-00000000525&amp;apos; for unique index &amp;apos;Supplier Number&amp;apos;]">
      <![CDATA[java.lang.AssertionError: Test case failed expected [Add succeeded] but found [Duplicate value 'Supplier-00000000525' for unique index 'Supplier Number']
	at com.stockAccounting.Testcase.tesngsuppliercreation.stockAcc_supplier(tesngsuppliercreation.java:27)
... Removed 28 stack frames]]>
    </failure>
  </testcase> <!-- stockAcc_supplier -->
  <testcase name="Stockcategory_creation" time="26.016" classname="com.stockAccounting.Testcase.testngstockcategoriescreation"/>
  <testcase name="Stock_Unitcategory" time="37.123" classname="com.stockAccounting.Testcase.testngUOMcreation">
    <failure type="org.openqa.selenium.NoSuchElementException" message="Unable to locate element: {&amp;quot;method&amp;quot;:&amp;quot;xpath&amp;quot;,&amp;quot;selector&amp;quot;:&amp;quot;html/body/div[3]/div[2]/div/div[3]/div/div&amp;quot;}
Command duration or timeout: 20.14 seconds
For documentation on this error, please visit: http://seleniumhq.org/exceptions/no_such_element.html
Build info: version: &amp;apos;2.53.0&amp;apos;, revision: &amp;apos;35ae25b&amp;apos;, time: &amp;apos;2016-03-15 17:00:58&amp;apos;
System info: host: &amp;apos;OJT0156998&amp;apos;, ip: &amp;apos;10.0.0.19&amp;apos;, os.name: &amp;apos;Windows 7&amp;apos;, os.arch: &amp;apos;amd64&amp;apos;, os.version: &amp;apos;6.1&amp;apos;, java.version: &amp;apos;1.7.0_79&amp;apos;
*** Element info: {Using=xpath, value=html/body/div[3]/div[2]/div/div[3]/div/div}
Session ID: a3bd2687-9ec4-4996-9d67-c2f099f5b9b3
Driver info: org.openqa.selenium.firefox.FirefoxDriver
Capabilities [{platform=WINDOWS, acceptSslCerts=true, javascriptEnabled=true, cssSelectorsEnabled=true, databaseEnabled=true, browserName=firefox, handlesAlerts=true, nativeEvents=false, webStorageEnabled=true, rotatable=false, locationContextEnabled=true, applicationCacheEnabled=true, takesScreenshot=true, version=35.0}]">
      <![CDATA[org.openqa.selenium.NoSuchElementException: Unable to locate element: {"method":"xpath","selector":"html/body/div[3]/div[2]/div/div[3]/div/div"}
Command duration or timeout: 20.14 seconds
For documentation on this error, please visit: http://seleniumhq.org/exceptions/no_such_element.html
Build info: version: '2.53.0', revision: '35ae25b', time: '2016-03-15 17:00:58'
System info: host: 'OJT0156998', ip: '10.0.0.19', os.name: 'Windows 7', os.arch: 'amd64', os.version: '6.1', java.version: '1.7.0_79'
*** Element info: {Using=xpath, value=html/body/div[3]/div[2]/div/div[3]/div/div}
Session ID: a3bd2687-9ec4-4996-9d67-c2f099f5b9b3
Driver info: org.openqa.selenium.firefox.FirefoxDriver
Capabilities [{platform=WINDOWS, acceptSslCerts=true, javascriptEnabled=true, cssSelectorsEnabled=true, databaseEnabled=true, browserName=firefox, handlesAlerts=true, nativeEvents=false, webStorageEnabled=true, rotatable=false, locationContextEnabled=true, applicationCacheEnabled=true, takesScreenshot=true, version=35.0}]
	at org.openqa.selenium.remote.ErrorHandler.createThrowable(ErrorHandler.java:206)
	at org.openqa.selenium.remote.ErrorHandler.throwIfResponseFailed(ErrorHandler.java:158)
	at org.openqa.selenium.remote.RemoteWebDriver.execute(RemoteWebDriver.java:678)
	at org.openqa.selenium.remote.RemoteWebDriver.findElement(RemoteWebDriver.java:363)
	at org.openqa.selenium.remote.RemoteWebDriver.findElementByXPath(RemoteWebDriver.java:500)
	at org.openqa.selenium.By$ByXPath.findElement(By.java:361)
	at org.openqa.selenium.remote.RemoteWebDriver.findElement(RemoteWebDriver.java:355)
	at com.stockAccounting.Testcase.testngUOMcreation.Stock_Unitcategory(testngUOMcreation.java:25)
Caused by: org.openqa.selenium.NoSuchElementException: Unable to locate element: {"method":"xpath","selector":"html/body/div[3]/div[2]/div/div[3]/div/div"}
For documentation on this error, please visit: http://seleniumhq.org/exceptions/no_such_element.html
Build info: version: '2.53.0', revision: '35ae25b', time: '2016-03-15 17:00:58'
System info: host: 'OJT0156998', ip: '10.0.0.19', os.name: 'Windows 7', os.arch: 'amd64', os.version: '6.1', java.version: '1.7.0_79'
Driver info: driver.version: unknown
	at <anonymous class>.FirefoxDriver.prototype.findElementInternal_(file:///C:/Users/aman/AppData/Local/Temp/anonymous2661180689224483853webdriver-profile/extensions/fxdriver@googlecode.com/components/driver-component.js:10770)
	at <anonymous class>.fxdriver.Timer.prototype.setTimeout/<.notify(file:///C:/Users/aman/AppData/Local/Temp/anonymous2661180689224483853webdriver-profile/extensions/fxdriver@googlecode.com/components/driver-component.js:625)
... Removed 28 stack frames]]>
    </failure>
  </testcase> <!-- Stock_Unitcategory -->
</testsuite> <!-- Regression test -->
